#
# There is insufficient memory for the Java Runtime Environment to continue.
# Native memory allocation (mmap) failed to map 268435456 bytes for G1 virtual space
# Possible reasons:
#   The system is out of physical RAM or swap space
#   The process is running with CompressedOops enabled, and the Java Heap may be blocking the growth of the native heap
# Possible solutions:
#   Reduce memory load on the system
#   Increase physical memory or swap space
#   Check if swap backing store is full
#   Decrease Java heap size (-Xmx/-Xms)
#   Decrease number of Java threads
#   Decrease Java thread stack sizes (-Xss)
#   Set larger code cache with -XX:ReservedCodeCacheSize=
#   JVM is running with Zero Based Compressed Oops mode in which the Java heap is
#     placed in the first 32GB address space. The Java Heap base address is the
#     maximum limit for the native heap growth. Please use -XX:HeapBaseMinAddress
#     to set the Java Heap base and to place the Java Heap above 32GB virtual address.
# This output file may be truncated or incomplete.
#
#  Out of Memory Error (./open/src/hotspot/os/windows/os_windows.cpp:3472), pid=24600, tid=24972
#
# JRE version:  (15.0.1+9) (build )
# Java VM: Java HotSpot(TM) 64-Bit Server VM (15.0.1+9-18, mixed mode, sharing, tiered, compressed oops, g1 gc, windows-amd64)
# No core dump will be written. Minidumps are not enabled by default on client versions of Windows
#

---------------  S U M M A R Y ------------

Command Line: -Dmaven.home=EMBEDDED -Dclassworlds.conf=C:\Users\mailt\IntermodulationDemoV2\.metadata\.plugins\org.eclipse.m2e.launching\launches\m2conf16085954503467954250.tmp -Dmaven.multiModuleProjectDirectory=C:\Users\mailt\IntermodulationDemoV2\intermodulationdemo -Dfile.encoding=Cp1252 -XX:+ShowCodeDetailsInExceptionMessages org.codehaus.plexus.classworlds.launcher.Launcher -B clean javafx:run

Host: AMD Ryzen 5 2600 Six-Core Processor            , 12 cores, 15G,  Windows 10 , 64 bit Build 19041 (10.0.19041.804)
Time: Fri Mar 26 18:08:58 2021 Mitteleuropäische Zeit elapsed time: 0.033889 seconds (0d 0h 0m 0s)

---------------  T H R E A D  ---------------

Current thread (0x000001d4b3211560):  JavaThread "Unknown thread" [_thread_in_vm, id=24972, stack(0x0000001c9ae00000,0x0000001c9af00000)]

Stack: [0x0000001c9ae00000,0x0000001c9af00000]
Native frames: (J=compiled Java code, j=interpreted, Vv=VM code, C=native code)
V  [jvm.dll+0x62ae9a]
V  [jvm.dll+0x781389]
V  [jvm.dll+0x782ae3]
V  [jvm.dll+0x783143]
V  [jvm.dll+0x216265]
V  [jvm.dll+0x6281d9]
V  [jvm.dll+0x61cd15]
V  [jvm.dll+0x2d01fd]
V  [jvm.dll+0x2d0062]
V  [jvm.dll+0x2d603c]
V  [jvm.dll+0x325b2a]
V  [jvm.dll+0x3251f4]
V  [jvm.dll+0x2a717a]
V  [jvm.dll+0x2a8318]
V  [jvm.dll+0x75e101]
V  [jvm.dll+0x3343e4]
V  [jvm.dll+0x73e826]
V  [jvm.dll+0x3b7777]
V  [jvm.dll+0x3b9201]
C  [jli.dll+0x52fb]
C  [ucrtbase.dll+0x21bb2]
C  [KERNEL32.DLL+0x17034]
C  [ntdll.dll+0x52651]


---------------  P R O C E S S  ---------------

Threads class SMR info:
_java_thread_list=0x00007fff93654ff0, length=0, elements={
}

Java Threads: ( => current thread )

Other Threads:
  0x000001d4b3261350 GCTaskThread "GC Thread#0" [stack: 0x0000001c9af00000,0x0000001c9b000000] [id=25192]
  0x000001d4b3273ba0 ConcurrentGCThread "G1 Main Marker" [stack: 0x0000001c9b000000,0x0000001c9b100000] [id=13944]
  0x000001d4b3274710 ConcurrentGCThread "G1 Conc#0" [stack: 0x0000001c9b100000,0x0000001c9b200000] [id=25076]

[error occurred during error reporting (printing all threads), id 0xc0000005, EXCEPTION_ACCESS_VIOLATION (0xc0000005) at pc=0x00007fff92e48047]

VM state: not at safepoint (not fully initialized)

VM Mutex/Monitor currently owned by a thread:  ([mutex/lock_event])
[0x000001d4b320dc70] Heap_lock - owner thread: 0x000001d4b3211560

Heap address: 0x0000000701200000, size: 4078 MB, Compressed Oops mode: Zero based, Oop shift amount: 3
CDS archive(s) mapped at: [0x0000000000000000-0x0000000000000000-0x0000000000000000), size 0, SharedBaseAddress: 0x0000000800000000, ArchiveRelocationMode: 0.
Narrow klass base: 0x0000000000000000, Narrow klass shift: 0, Narrow klass range: 0x0

Heap:
 garbage-first heap   total 262144K, used 0K [0x0000000701200000, 0x0000000800000000)
  region size 2048K, 0 young (0K), 0 survivors (0K)
 Metaspace       used 0K, capacity 0K, committed 0K, reserved 0K
  class space    used 0K, capacity 0K, committed 0K, reserved 0K

Heap Regions: E=young(eden), S=young(survivor), O=old, HS=humongous(starts), HC=humongous(continues), CS=collection set, F=free, OA=open archive, CA=closed archive, TAMS=top-at-mark-start (previous, next)

Card table byte_map: [0x000001d4cb1a0000,0x000001d4cb9a0000] _byte_map_base: 0x000001d4c7997000

Marking Bits (Prev, Next): (CMBitMap*) 0x000001d4b3262ad0, (CMBitMap*) 0x000001d4b3262b10
 Prev Bits: [0x000001d4cc1a0000, 0x000001d4d0158000)
 Next Bits: [0x000001d4d0160000, 0x000001d4d4118000)

GC Heap History (0 events):
No events

Deoptimization events (0 events):
No events

Classes unloaded (0 events):
No events

Classes redefined (0 events):
No events

Internal exceptions (0 events):
No events

Events (1 events):
Event: 0.005 Loaded shared library C:\java\jdk-15.0.1\bin\java.dll


Dynamic libraries:
0x00007ff6c5d30000 - 0x00007ff6c5d3f000 	C:\java\jdk-15.0.1\bin\javaw.exe
0x00007ffff1910000 - 0x00007ffff1b05000 	C:\Windows\SYSTEM32\ntdll.dll
0x00007ffff1680000 - 0x00007ffff173d000 	C:\Windows\System32\KERNEL32.DLL
0x00007fffef550000 - 0x00007fffef819000 	C:\Windows\System32\KERNELBASE.dll
0x00007fffef1e0000 - 0x00007fffef2e0000 	C:\Windows\System32\ucrtbase.dll
0x00007fffd4f30000 - 0x00007fffd4f48000 	C:\java\jdk-15.0.1\bin\jli.dll
0x00007fffd4f10000 - 0x00007fffd4f29000 	C:\java\jdk-15.0.1\bin\VCRUNTIME140.dll
0x00007fffefb90000 - 0x00007fffefc3c000 	C:\Windows\System32\ADVAPI32.dll
0x00007ffff08a0000 - 0x00007ffff093e000 	C:\Windows\System32\msvcrt.dll
0x00007ffff12d0000 - 0x00007ffff136c000 	C:\Windows\System32\sechost.dll
0x00007ffff17a0000 - 0x00007ffff18cb000 	C:\Windows\System32\RPCRT4.dll
0x00007ffff13d0000 - 0x00007ffff1570000 	C:\Windows\System32\USER32.dll
0x00007fffef310000 - 0x00007fffef332000 	C:\Windows\System32\win32u.dll
0x00007fffce730000 - 0x00007fffce9ca000 	C:\Windows\WinSxS\amd64_microsoft.windows.common-controls_6595b64144ccf1df_6.0.19041.844_none_ca00b6081b84eb1d\COMCTL32.dll
0x00007ffff13a0000 - 0x00007ffff13ca000 	C:\Windows\System32\GDI32.dll
0x00007fffef0d0000 - 0x00007fffef1db000 	C:\Windows\System32\gdi32full.dll
0x00007fffef870000 - 0x00007fffef90d000 	C:\Windows\System32\msvcp_win.dll
0x00007fffe8740000 - 0x00007fffe874a000 	C:\Windows\SYSTEM32\VERSION.dll
0x00007fffefc60000 - 0x00007fffefc90000 	C:\Windows\System32\IMM32.DLL
0x00007fffebb10000 - 0x00007fffebb1c000 	C:\java\jdk-15.0.1\bin\vcruntime140_1.dll
0x00007fffce9e0000 - 0x00007fffcea71000 	C:\java\jdk-15.0.1\bin\msvcp140.dll
0x00007fff92b90000 - 0x00007fff936ee000 	C:\java\jdk-15.0.1\bin\server\jvm.dll
0x00007ffff1370000 - 0x00007ffff1378000 	C:\Windows\System32\PSAPI.DLL
0x00007fffe9fb0000 - 0x00007fffe9fb9000 	C:\Windows\SYSTEM32\WSOCK32.dll
0x00007fffdea40000 - 0x00007fffdea67000 	C:\Windows\SYSTEM32\WINMM.dll
0x00007ffff09f0000 - 0x00007ffff0a5b000 	C:\Windows\System32\WS2_32.dll
0x00007fffecfd0000 - 0x00007fffecfe2000 	C:\Windows\SYSTEM32\kernel.appcore.dll
0x00007fffe6510000 - 0x00007fffe651a000 	C:\java\jdk-15.0.1\bin\jimage.dll
0x00007fffd6e90000 - 0x00007fffd7074000 	C:\Windows\SYSTEM32\DBGHELP.DLL
0x00007fffd6e60000 - 0x00007fffd6e8c000 	C:\Windows\SYSTEM32\dbgcore.DLL
0x00007fffef050000 - 0x00007fffef0d0000 	C:\Windows\System32\bcryptPrimitives.dll
0x00007fffc71d0000 - 0x00007fffc71f5000 	C:\java\jdk-15.0.1\bin\java.dll

dbghelp: loaded successfully - version: 4.0.5 - missing functions: none
symbol engine: initialized successfully - sym options: 0x614 - pdb path: .;C:\java\jdk-15.0.1\bin;C:\Windows\SYSTEM32;C:\Windows\WinSxS\amd64_microsoft.windows.common-controls_6595b64144ccf1df_6.0.19041.844_none_ca00b6081b84eb1d;C:\java\jdk-15.0.1\bin\server

VM Arguments:
jvm_args: -Dmaven.home=EMBEDDED -Dclassworlds.conf=C:\Users\mailt\IntermodulationDemoV2\.metadata\.plugins\org.eclipse.m2e.launching\launches\m2conf16085954503467954250.tmp -Dmaven.multiModuleProjectDirectory=C:\Users\mailt\IntermodulationDemoV2\intermodulationdemo -Dfile.encoding=Cp1252 -XX:+ShowCodeDetailsInExceptionMessages 
java_command: org.codehaus.plexus.classworlds.launcher.Launcher -B clean javafx:run
java_class_path (initial): C:\Users\mailt\.p2\pool\plugins\org.eclipse.m2e.maven.runtime_1.16.0.20200610-1735\jars\plexus-classworlds-2.6.0.jar
Launcher Type: SUN_STANDARD

[Global flags]
     intx CICompilerCount                          = 4                                         {product} {ergonomic}
     uint ConcGCThreads                            = 3                                         {product} {ergonomic}
     uint G1ConcRefinementThreads                  = 10                                        {product} {ergonomic}
   size_t G1HeapRegionSize                         = 2097152                                   {product} {ergonomic}
    uintx GCDrainStackTargetSize                   = 64                                        {product} {ergonomic}
   size_t InitialHeapSize                          = 268435456                                 {product} {ergonomic}
   size_t MarkStackSize                            = 4194304                                   {product} {ergonomic}
   size_t MaxHeapSize                              = 4276092928                                {product} {ergonomic}
   size_t MinHeapDeltaBytes                        = 2097152                                   {product} {ergonomic}
   size_t MinHeapSize                              = 8388608                                   {product} {ergonomic}
    uintx NonNMethodCodeHeapSize                   = 5839372                                {pd product} {ergonomic}
    uintx NonProfiledCodeHeapSize                  = 122909434                              {pd product} {ergonomic}
    uintx ProfiledCodeHeapSize                     = 122909434                              {pd product} {ergonomic}
    uintx ReservedCodeCacheSize                    = 251658240                              {pd product} {ergonomic}
     bool SegmentedCodeCache                       = true                                      {product} {ergonomic}
     bool ShowCodeDetailsInExceptionMessages       = true                                   {manageable} {command line}
   size_t SoftMaxHeapSize                          = 4276092928                             {manageable} {ergonomic}
     bool UseCompressedClassPointers               = true                                 {lp64_product} {ergonomic}
     bool UseCompressedOops                        = true                                 {lp64_product} {ergonomic}
     bool UseG1GC                                  = true                                      {product} {ergonomic}
     bool UseLargePagesIndividualAllocation        = false                                  {pd product} {ergonomic}

Logging:
Log output configuration:
 #0: stdout all=warning uptime,level,tags
 #1: stderr all=off uptime,level,tags

Environment Variables:
PATH=C:\Program Files\Common Files\Oracle\Java\javapath;C:\Windows\system32;C:\Windows;C:\Windows\System32\Wbem;C:\Windows\System32\WindowsPowerShell\v1.0\;C:\Windows\System32\OpenSSH\;C:\Program Files (x86)\NVIDIA Corporation\PhysX\Common;C:\Program Files\NVIDIA Corporation\NVIDIA NvDLISR;C:\Users\mailt\AppData\Local\Microsoft\WindowsApps;C:\Users\mailt\AppData\Local\Programs\MiKTeX\miktex\bin\x64\
USERNAME=mailt
OS=Windows_NT
PROCESSOR_IDENTIFIER=AMD64 Family 23 Model 8 Stepping 2, AuthenticAMD



---------------  S Y S T E M  ---------------

OS:
 Windows 10 , 64 bit Build 19041 (10.0.19041.804)
OS uptime: 13 days 20:37 hours

CPU: total 12 (initial active 12) (12 cores per cpu, 2 threads per core) family 23 model 8 stepping 2 microcode 0x0, cmov, cx8, fxsr, mmx, sse, sse2, sse3, ssse3, sse4.1, sse4.2, popcnt, vzeroupper, avx, avx2, aes, clmul, 3dnowpref, lzcnt, sse4a, ht, tsc, tscinvbit, tscinv, bmi1, bmi2, adx, sha, fma, clflush, clflushopt

Memory: 4k page, system-wide physical 16307M (6031M free)
TotalPageFile size 31810M (AvailPageFile size 246M)
current process WorkingSet (physical memory assigned to process): 10M, peak: 10M
current process commit charge ("private bytes"): 64M, peak: 320M

vm_info: Java HotSpot(TM) 64-Bit Server VM (15.0.1+9-18) for windows-amd64 JRE (15.0.1+9-18), built on Sep 15 2020 14:43:54 by "mach5one" with unknown MS VC++:1925

END.
